<?xml version="1.0" encoding="UTF-8"?>
<!-- Generated by org.testng.reporters.JUnitXMLReporter -->
<testsuite ignored="19" hostname="TRPL-PUN-0115" failures="1" tests="1" name="Default test" time="27.86" errors="0" timestamp="2025-05-28T18:37:02 IST">
  <testcase classname="secretrialTestCase.MyReportsTest" name="CompanyAllClickAD" time="10.646">
    <failure type="org.openqa.selenium.NoSuchElementException" message="no such element: Unable to locate element: {&amp;quot;method&amp;quot;:&amp;quot;xpath&amp;quot;,&amp;quot;selector&amp;quot;:&amp;quot;//*[@id=&amp;apos;childrow&amp;apos;]/div/div[1]/div/div/div[1]/span/span/span[2]&amp;quot;}
  (Session info: chrome=136.0.7103.114)
For documentation on this error, please visit: http://seleniumhq.org/exceptions/no_such_element.html
Build info: version: &amp;apos;3.141.0&amp;apos;, revision: &amp;apos;2ecb7d9a&amp;apos;, time: &amp;apos;2018-10-31T20:09:30&amp;apos;
System info: host: &amp;apos;TRPL-PUN-0115&amp;apos;, ip: &amp;apos;192.168.0.110&amp;apos;, os.name: &amp;apos;Windows 10&amp;apos;, os.arch: &amp;apos;amd64&amp;apos;, os.version: &amp;apos;10.0&amp;apos;, java.version: &amp;apos;23.0.2&amp;apos;
Driver info: org.openqa.selenium.chrome.ChromeDriver
Capabilities {acceptInsecureCerts: false, browserName: chrome, browserVersion: 136.0.7103.114, chrome: {chromedriverVersion: 136.0.7103.113 (76fa3c17824..., userDataDir: C:\Users\snehalp\AppData\Lo...}, fedcm:accounts: true, goog:chromeOptions: {debuggerAddress: localhost:60299}, javascriptEnabled: true, networkConnectionEnabled: false, pageLoadStrategy: normal, platform: WINDOWS, platformName: WINDOWS, proxy: Proxy(), setWindowRect: true, strictFileInteractability: false, timeouts: {implicit: 0, pageLoad: 300000, script: 30000}, unhandledPromptBehavior: dismiss and notify, webauthn:extension:credBlob: true, webauthn:extension:largeBlob: true, webauthn:extension:minPinLength: true, webauthn:extension:prf: true, webauthn:virtualAuthenticators: true}
Session ID: 67d2ee046e3c291f426010f54419c008
*** Element info: {Using=xpath, value=//*[@id=&amp;apos;childrow&amp;apos;]/div/div[1]/div/div/div[1]/span/span/span[2]}">
      <![CDATA[org.openqa.selenium.NoSuchElementException: no such element: Unable to locate element: {"method":"xpath","selector":"//*[@id='childrow']/div/div[1]/div/div/div[1]/span/span/span[2]"}
  (Session info: chrome=136.0.7103.114)
For documentation on this error, please visit: http://seleniumhq.org/exceptions/no_such_element.html
Build info: version: '3.141.0', revision: '2ecb7d9a', time: '2018-10-31T20:09:30'
System info: host: 'TRPL-PUN-0115', ip: '192.168.0.110', os.name: 'Windows 10', os.arch: 'amd64', os.version: '10.0', java.version: '23.0.2'
Driver info: org.openqa.selenium.chrome.ChromeDriver
Capabilities {acceptInsecureCerts: false, browserName: chrome, browserVersion: 136.0.7103.114, chrome: {chromedriverVersion: 136.0.7103.113 (76fa3c17824..., userDataDir: C:\Users\snehalp\AppData\Lo...}, fedcm:accounts: true, goog:chromeOptions: {debuggerAddress: localhost:60299}, javascriptEnabled: true, networkConnectionEnabled: false, pageLoadStrategy: normal, platform: WINDOWS, platformName: WINDOWS, proxy: Proxy(), setWindowRect: true, strictFileInteractability: false, timeouts: {implicit: 0, pageLoad: 300000, script: 30000}, unhandledPromptBehavior: dismiss and notify, webauthn:extension:credBlob: true, webauthn:extension:largeBlob: true, webauthn:extension:minPinLength: true, webauthn:extension:prf: true, webauthn:virtualAuthenticators: true}
Session ID: 67d2ee046e3c291f426010f54419c008
*** Element info: {Using=xpath, value=//*[@id='childrow']/div/div[1]/div/div/div[1]/span/span/span[2]}
at java.base/jdk.internal.reflect.DirectConstructorHandleAccessor.newInstance(DirectConstructorHandleAccessor.java:62)
at java.base/java.lang.reflect.Constructor.newInstanceWithCaller(Constructor.java:501)
at java.base/java.lang.reflect.Constructor.newInstance(Constructor.java:485)
at org.openqa.selenium.remote.http.W3CHttpResponseCodec.createException(W3CHttpResponseCodec.java:187)
at org.openqa.selenium.remote.http.W3CHttpResponseCodec.decode(W3CHttpResponseCodec.java:122)
at org.openqa.selenium.remote.http.W3CHttpResponseCodec.decode(W3CHttpResponseCodec.java:49)
at org.openqa.selenium.remote.HttpCommandExecutor.execute(HttpCommandExecutor.java:158)
at org.openqa.selenium.remote.service.DriverCommandExecutor.execute(DriverCommandExecutor.java:83)
at org.openqa.selenium.remote.RemoteWebDriver.execute(RemoteWebDriver.java:552)
at org.openqa.selenium.remote.RemoteWebDriver.findElement(RemoteWebDriver.java:323)
at org.openqa.selenium.remote.RemoteWebDriver.findElementByXPath(RemoteWebDriver.java:428)
at org.openqa.selenium.By$ByXPath.findElement(By.java:353)
at org.openqa.selenium.remote.RemoteWebDriver.findElement(RemoteWebDriver.java:315)
at secretrial.MyReportsLocators.CompanyAllClickAD(MyReportsLocators.java:179)
at secretrial.MyReportsMethods.CompanyAllClickAD(MyReportsMethods.java:1011)
at secretrialTestCase.MyReportsTest.CompanyAllClickAD(MyReportsTest.java:310)
at java.base/jdk.internal.reflect.DirectMethodHandleAccessor.invoke(DirectMethodHandleAccessor.java:103)
at java.base/java.lang.reflect.Method.invoke(Method.java:580)
at org.testng.internal.invokers.MethodInvocationHelper.invokeMethod(MethodInvocationHelper.java:141)
at org.testng.internal.invokers.TestInvoker.invokeMethod(TestInvoker.java:686)
at org.testng.internal.invokers.TestInvoker.invokeTestMethod(TestInvoker.java:230)
at org.testng.internal.invokers.MethodRunner.runInSequence(MethodRunner.java:63)
at org.testng.internal.invokers.TestInvoker$MethodInvocationAgent.invoke(TestInvoker.java:992)
at org.testng.internal.invokers.TestInvoker.invokeTestMethods(TestInvoker.java:203)
at org.testng.internal.invokers.TestMethodWorker.invokeTestMethods(TestMethodWorker.java:154)
at org.testng.internal.invokers.TestMethodWorker.run(TestMethodWorker.java:134)
at java.base/java.util.ArrayList.forEach(ArrayList.java:1597)
at org.testng.TestRunner.privateRun(TestRunner.java:739)
at org.testng.TestRunner.run(TestRunner.java:614)
at org.testng.SuiteRunner.runTest(SuiteRunner.java:421)
at org.testng.SuiteRunner.runSequentially(SuiteRunner.java:413)
at org.testng.SuiteRunner.privateRun(SuiteRunner.java:373)
at org.testng.SuiteRunner.run(SuiteRunner.java:312)
at org.testng.SuiteRunnerWorker.runSuite(SuiteRunnerWorker.java:52)
at org.testng.SuiteRunnerWorker.run(SuiteRunnerWorker.java:95)
at org.testng.TestNG.runSuitesSequentially(TestNG.java:1274)
at org.testng.TestNG.runSuitesLocally(TestNG.java:1208)
at org.testng.TestNG.runSuites(TestNG.java:1112)
at org.testng.TestNG.run(TestNG.java:1079)
at org.testng.remote.AbstractRemoteTestNG.run(AbstractRemoteTestNG.java:115)
at org.testng.remote.RemoteTestNG.initAndRun(RemoteTestNG.java:293)
at org.testng.remote.RemoteTestNG.main(RemoteTestNG.java:91)
]]>
    </failure>
  </testcase> <!-- CompanyAllClickAD -->
  <testcase classname="secretrialTestCase.MyReportsTest" name="CompanyAllFilterCS" time="0.0">
    <ignored/>
  </testcase> <!-- CompanyAllFilterCS -->
  <testcase classname="secretrialTestCase.MyReportsTest" name="ComplianceStatusReportTypeAll" time="0.0">
    <ignored/>
  </testcase> <!-- ComplianceStatusReportTypeAll -->
  <testcase classname="secretrialTestCase.MyReportsTest" name="ViewAR" time="0.0">
    <ignored/>
  </testcase> <!-- ViewAR -->
  <testcase classname="secretrialTestCase.MyReportsTest" name="CompanyAllClick" time="0.0">
    <ignored/>
  </testcase> <!-- CompanyAllClick -->
  <testcase classname="secretrialTestCase.MyReportsTest" name="ExportAR" time="0.0">
    <ignored/>
  </testcase> <!-- ExportAR -->
  <testcase classname="secretrialTestCase.MyReportsTest" name="AllFilters" time="0.0">
    <ignored/>
  </testcase> <!-- AllFilters -->
  <testcase classname="secretrialTestCase.MyReportsTest" name="CompanyAllClickCS" time="0.0">
    <ignored/>
  </testcase> <!-- CompanyAllClickCS -->
  <testcase classname="secretrialTestCase.MyReportsTest" name="StatusAllFilter" time="0.0">
    <ignored/>
  </testcase> <!-- StatusAllFilter -->
  <testcase classname="secretrialTestCase.MyReportsTest" name="ARDownload" time="0.0">
    <ignored/>
  </testcase> <!-- ARDownload -->
  <testcase classname="secretrialTestCase.MyReportsTest" name="ReportsClick" time="0.0">
    <ignored/>
  </testcase> <!-- ReportsClick -->
  <testcase classname="secretrialTestCase.MyReportsTest" name="AuditorDetails" time="0.0">
    <ignored/>
  </testcase> <!-- AuditorDetails -->
  <testcase classname="secretrialTestCase.MyReportsTest" name="FinancialYearAllFilter" time="0.0">
    <ignored/>
  </testcase> <!-- FinancialYearAllFilter -->
  <testcase classname="secretrialTestCase.MyReportsTest" name="ComplianceStatusReport" time="0.0">
    <ignored/>
  </testcase> <!-- ComplianceStatusReport -->
  <testcase classname="secretrialTestCase.MyReportsTest" name="CompanyAllFilter" time="0.0">
    <ignored/>
  </testcase> <!-- CompanyAllFilter -->
  <testcase classname="secretrialTestCase.MyReportsTest" name="FinancialYearAllClick" time="0.0">
    <ignored/>
  </testcase> <!-- FinancialYearAllClick -->
  <testcase classname="secretrialTestCase.MyReportsTest" name="ExportCSR" time="0.0">
    <ignored/>
  </testcase> <!-- ExportCSR -->
  <testcase classname="secretrialTestCase.MyReportsTest" name="StatusAll" time="0.0">
    <ignored/>
  </testcase> <!-- StatusAll -->
  <testcase classname="secretrialTestCase.MyReportsTest" name="ViewARDownload" time="0.0">
    <ignored/>
  </testcase> <!-- ViewARDownload -->
  <testcase classname="secretrialTestCase.MyReportsTest" name="AttendanceReport" time="0.0">
    <ignored/>
  </testcase> <!-- AttendanceReport -->
</testsuite> <!-- Default test -->
